<?xml version="1.0" encoding="UTF-8"?>
<coverage generated="1653042857">
  <project timestamp="1653042857">
    <file name="/home/web/epsi/mspr/api/src/Code.php">
      <class name="Code" namespace="global">
        <metrics complexity="2" methods="1" coveredmethods="1" conditionals="0" coveredconditionals="0" statements="7" coveredstatements="7" elements="8" coveredelements="8"/>
      </class>
      <line num="20" type="method" name="response" visibility="protected" complexity="2" crap="2" count="50"/>
      <line num="22" type="stmt" count="50"/>
      <line num="24" type="stmt" count="50"/>
      <line num="29" type="stmt" count="50"/>
      <line num="30" type="stmt" count="41"/>
      <line num="31" type="stmt" count="41"/>
      <line num="32" type="stmt" count="41"/>
      <line num="34" type="stmt" count="9"/>
      <metrics loc="37" ncloc="25" classes="1" methods="1" coveredmethods="1" conditionals="0" coveredconditionals="0" statements="7" coveredstatements="7" elements="8" coveredelements="8"/>
    </file>
    <file name="/home/web/epsi/mspr/api/src/Codes/ErrorCode.php">
      <class name="Codes\ErrorCode" namespace="global">
        <metrics complexity="7" methods="7" coveredmethods="7" conditionals="0" coveredconditionals="0" statements="7" coveredstatements="7" elements="14" coveredelements="14"/>
      </class>
      <line num="23" type="method" name="customError" visibility="public" complexity="1" crap="1" count="3"/>
      <line num="25" type="stmt" count="3"/>
      <line num="36" type="method" name="badRequest" visibility="public" complexity="1" crap="1" count="6"/>
      <line num="38" type="stmt" count="6"/>
      <line num="49" type="method" name="unauthorized" visibility="public" complexity="1" crap="1" count="3"/>
      <line num="51" type="stmt" count="3"/>
      <line num="62" type="method" name="forbidden" visibility="public" complexity="1" crap="1" count="2"/>
      <line num="64" type="stmt" count="2"/>
      <line num="75" type="method" name="notFound" visibility="public" complexity="1" crap="1" count="2"/>
      <line num="77" type="stmt" count="2"/>
      <line num="88" type="method" name="methodNotAllowed" visibility="public" complexity="1" crap="1" count="2"/>
      <line num="90" type="stmt" count="2"/>
      <line num="101" type="method" name="conflict" visibility="public" complexity="1" crap="1" count="8"/>
      <line num="103" type="stmt" count="8"/>
      <metrics loc="105" ncloc="45" classes="1" methods="7" coveredmethods="7" conditionals="0" coveredconditionals="0" statements="7" coveredstatements="7" elements="14" coveredelements="14"/>
    </file>
    <file name="/home/web/epsi/mspr/api/src/Codes/SuccessCode.php">
      <class name="Codes\SuccessCode" namespace="global">
        <metrics complexity="2" methods="2" coveredmethods="2" conditionals="0" coveredconditionals="0" statements="2" coveredstatements="2" elements="4" coveredelements="4"/>
      </class>
      <line num="22" type="method" name="success" visibility="public" complexity="1" crap="1" count="18"/>
      <line num="24" type="stmt" count="18"/>
      <line num="35" type="method" name="created" visibility="public" complexity="1" crap="1" count="6"/>
      <line num="37" type="stmt" count="6"/>
      <metrics loc="39" ncloc="20" classes="1" methods="2" coveredmethods="2" conditionals="0" coveredconditionals="0" statements="2" coveredstatements="2" elements="4" coveredelements="4"/>
    </file>
    <file name="/home/web/epsi/mspr/api/src/Controller.php">
      <class name="Controller" namespace="global">
        <metrics complexity="20" methods="8" coveredmethods="8" conditionals="0" coveredconditionals="0" statements="45" coveredstatements="45" elements="53" coveredelements="53"/>
      </class>
      <line num="21" type="method" name="successCode" visibility="protected" complexity="1" crap="1" count="20"/>
      <line num="23" type="stmt" count="20"/>
      <line num="31" type="method" name="errorCode" visibility="protected" complexity="1" crap="1" count="12"/>
      <line num="33" type="stmt" count="12"/>
      <line num="41" type="method" name="database" visibility="public" complexity="1" crap="1" count="69"/>
      <line num="43" type="stmt" count="69"/>
      <line num="53" type="method" name="getDate" visibility="protected" complexity="2" crap="2" count="9"/>
      <line num="55" type="stmt" count="9"/>
      <line num="56" type="stmt" count="1"/>
      <line num="58" type="stmt" count="8"/>
      <line num="69" type="method" name="checkScope" visibility="public" complexity="4" crap="4" count="94"/>
      <line num="72" type="stmt" count="94"/>
      <line num="73" type="stmt" count="94"/>
      <line num="74" type="stmt" count="94"/>
      <line num="75" type="stmt" count="68"/>
      <line num="80" type="stmt" count="26"/>
      <line num="81" type="stmt" count="25"/>
      <line num="83" type="stmt" count="1"/>
      <line num="98" type="method" name="checkExist" visibility="public" complexity="4" crap="4" count="72"/>
      <line num="101" type="stmt" count="72"/>
      <line num="102" type="stmt" count="54"/>
      <line num="103" type="stmt" count="24"/>
      <line num="107" type="stmt" count="38"/>
      <line num="110" type="stmt" count="38"/>
      <line num="111" type="stmt" count="38"/>
      <line num="112" type="stmt" count="38"/>
      <line num="120" type="stmt" count="24"/>
      <line num="121" type="stmt" count="23"/>
      <line num="123" type="stmt" count="1"/>
      <line num="139" type="method" name="addLog" visibility="public" complexity="2" crap="2" count="18"/>
      <line num="142" type="stmt" count="18"/>
      <line num="143" type="stmt" count="15"/>
      <line num="147" type="stmt" count="18"/>
      <line num="150" type="stmt" count="18"/>
      <line num="152" type="stmt" count="18"/>
      <line num="153" type="stmt" count="18"/>
      <line num="154" type="stmt" count="18"/>
      <line num="156" type="stmt" count="18"/>
      <line num="171" type="method" name="getName" visibility="private" complexity="5" crap="5" count="18"/>
      <line num="173" type="stmt" count="18"/>
      <line num="174" type="stmt" count="18"/>
      <line num="175" type="stmt" count="18"/>
      <line num="176" type="stmt" count="18"/>
      <line num="177" type="stmt" count="18"/>
      <line num="179" type="stmt" count="18"/>
      <line num="182" type="stmt" count="18"/>
      <line num="186" type="stmt" count="18"/>
      <line num="187" type="stmt" count="6"/>
      <line num="188" type="stmt" count="5"/>
      <line num="190" type="stmt" count="5"/>
      <line num="191" type="stmt" count="5"/>
      <line num="193" type="stmt" count="5"/>
      <line num="195" type="stmt" count="1"/>
      <metrics loc="198" ncloc="122" classes="1" methods="8" coveredmethods="8" conditionals="0" coveredconditionals="0" statements="45" coveredstatements="45" elements="53" coveredelements="53"/>
    </file>
    <file name="/home/web/epsi/mspr/api/src/Controllers/AdminController.php">
      <class name="Controllers\AdminController" namespace="global">
        <metrics complexity="13" methods="6" coveredmethods="6" conditionals="0" coveredconditionals="0" statements="77" coveredstatements="77" elements="83" coveredelements="83"/>
      </class>
      <line num="39" type="method" name="getAdmins" visibility="public" complexity="5" crap="5" count="2"/>
      <line num="42" type="stmt" count="2"/>
      <line num="45" type="stmt" count="1"/>
      <line num="48" type="stmt" count="1"/>
      <line num="49" type="stmt" count="1"/>
      <line num="50" type="stmt" count="1"/>
      <line num="51" type="stmt" count="1"/>
      <line num="52" type="stmt" count="1"/>
      <line num="53" type="stmt" count="1"/>
      <line num="55" type="stmt" count="1"/>
      <line num="56" type="stmt" count="1"/>
      <line num="60" type="stmt" count="1"/>
      <line num="61" type="stmt" count="1"/>
      <line num="62" type="stmt" count="1"/>
      <line num="65" type="stmt" count="1"/>
      <line num="78" type="stmt" count="1"/>
      <line num="93" type="method" name="getAdmin" visibility="public" complexity="2" crap="2" count="3"/>
      <line num="96" type="stmt" count="3"/>
      <line num="99" type="stmt" count="2"/>
      <line num="102" type="stmt" count="1"/>
      <line num="105" type="stmt" count="1"/>
      <line num="113" type="stmt" count="1"/>
      <line num="118" type="stmt" count="1"/>
      <line num="120" type="stmt" count="1"/>
      <line num="121" type="stmt" count="1"/>
      <line num="127" type="stmt" count="1"/>
      <line num="130" type="stmt" count="1"/>
      <line num="131" type="stmt" count="1"/>
      <line num="133" type="stmt" count="1"/>
      <line num="148" type="method" name="addAdmin" visibility="public" complexity="2" crap="2" count="5"/>
      <line num="151" type="stmt" count="5"/>
      <line num="154" type="stmt" count="4"/>
      <line num="155" type="stmt" count="3"/>
      <line num="156" type="stmt" count="3"/>
      <line num="157" type="stmt" count="3"/>
      <line num="158" type="stmt" count="2"/>
      <line num="161" type="stmt" count="2"/>
      <line num="162" type="stmt" count="1"/>
      <line num="166" type="stmt" count="1"/>
      <line num="169" type="stmt" count="1"/>
      <line num="170" type="stmt" count="1"/>
      <line num="171" type="stmt" count="1"/>
      <line num="172" type="stmt" count="1"/>
      <line num="173" type="stmt" count="1"/>
      <line num="174" type="stmt" count="1"/>
      <line num="177" type="stmt" count="1"/>
      <line num="180" type="stmt" count="1"/>
      <line num="183" type="stmt" count="1"/>
      <line num="198" type="method" name="editAdmin" visibility="public" complexity="1" crap="1" count="6"/>
      <line num="201" type="stmt" count="6"/>
      <line num="204" type="stmt" count="5"/>
      <line num="207" type="stmt" count="2"/>
      <line num="210" type="stmt" count="2"/>
      <line num="211" type="stmt" count="2"/>
      <line num="212" type="stmt" count="2"/>
      <line num="213" type="stmt" count="2"/>
      <line num="214" type="stmt" count="2"/>
      <line num="216" type="stmt" count="2"/>
      <line num="220" type="stmt" count="1"/>
      <line num="223" type="stmt" count="1"/>
      <line num="238" type="method" name="editAdminPassword" visibility="public" complexity="2" crap="2" count="6"/>
      <line num="241" type="stmt" count="6"/>
      <line num="244" type="stmt" count="5"/>
      <line num="247" type="stmt" count="3"/>
      <line num="248" type="stmt" count="2"/>
      <line num="251" type="stmt" count="2"/>
      <line num="252" type="stmt" count="1"/>
      <line num="256" type="stmt" count="1"/>
      <line num="258" type="stmt" count="1"/>
      <line num="259" type="stmt" count="1"/>
      <line num="263" type="stmt" count="1"/>
      <line num="266" type="stmt" count="1"/>
      <line num="268" type="stmt" count="1"/>
      <line num="270" type="stmt" count="1"/>
      <line num="272" type="stmt" count="1"/>
      <line num="276" type="stmt" count="1"/>
      <line num="291" type="method" name="deleteAdmin" visibility="public" complexity="1" crap="1" count="4"/>
      <line num="294" type="stmt" count="4"/>
      <line num="297" type="stmt" count="3"/>
      <line num="300" type="stmt" count="1"/>
      <line num="303" type="stmt" count="1"/>
      <line num="305" type="stmt" count="1"/>
      <line num="309" type="stmt" count="1"/>
      <metrics loc="311" ncloc="198" classes="1" methods="6" coveredmethods="6" conditionals="0" coveredconditionals="0" statements="77" coveredstatements="77" elements="83" coveredelements="83"/>
    </file>
    <file name="/home/web/epsi/mspr/api/src/Controllers/BaseController.php">
      <class name="Controllers\BaseController" namespace="global">
        <metrics complexity="1" methods="1" coveredmethods="1" conditionals="0" coveredconditionals="0" statements="3" coveredstatements="3" elements="4" coveredelements="4"/>
      </class>
      <line num="23" type="method" name="basePath" visibility="public" complexity="1" crap="1" count="1"/>
      <line num="26" type="stmt" count="1"/>
      <line num="27" type="stmt" count="1"/>
      <line num="34" type="stmt" count="1"/>
      <metrics loc="36" ncloc="24" classes="1" methods="1" coveredmethods="1" conditionals="0" coveredconditionals="0" statements="3" coveredstatements="3" elements="4" coveredelements="4"/>
    </file>
    <file name="/home/web/epsi/mspr/api/src/Controllers/EmailController.php">
      <class name="Controllers\EmailController" namespace="global">
        <metrics complexity="14" methods="7" coveredmethods="7" conditionals="0" coveredconditionals="0" statements="98" coveredstatements="98" elements="105" coveredelements="105"/>
      </class>
      <line num="41" type="method" name="getEmails" visibility="public" complexity="4" crap="4" count="2"/>
      <line num="44" type="stmt" count="2"/>
      <line num="47" type="stmt" count="1"/>
      <line num="50" type="stmt" count="1"/>
      <line num="51" type="stmt" count="1"/>
      <line num="52" type="stmt" count="1"/>
      <line num="54" type="stmt" count="1"/>
      <line num="55" type="stmt" count="1"/>
      <line num="59" type="stmt" count="1"/>
      <line num="60" type="stmt" count="1"/>
      <line num="61" type="stmt" count="1"/>
      <line num="64" type="stmt" count="1"/>
      <line num="74" type="stmt" count="1"/>
      <line num="89" type="method" name="getEmail" visibility="public" complexity="1" crap="1" count="4"/>
      <line num="92" type="stmt" count="4"/>
      <line num="95" type="stmt" count="3"/>
      <line num="98" type="stmt" count="1"/>
      <line num="99" type="stmt" count="1"/>
      <line num="100" type="stmt" count="1"/>
      <line num="103" type="stmt" count="1"/>
      <line num="110" type="stmt" count="1"/>
      <line num="115" type="stmt" count="1"/>
      <line num="130" type="method" name="addEmail" visibility="public" complexity="1" crap="1" count="4"/>
      <line num="133" type="stmt" count="4"/>
      <line num="136" type="stmt" count="3"/>
      <line num="137" type="stmt" count="2"/>
      <line num="138" type="stmt" count="1"/>
      <line num="141" type="stmt" count="1"/>
      <line num="144" type="stmt" count="1"/>
      <line num="145" type="stmt" count="1"/>
      <line num="146" type="stmt" count="1"/>
      <line num="147" type="stmt" count="1"/>
      <line num="150" type="stmt" count="1"/>
      <line num="153" type="stmt" count="1"/>
      <line num="156" type="stmt" count="1"/>
      <line num="171" type="method" name="addTemplateEmail" visibility="public" complexity="1" crap="1" count="5"/>
      <line num="174" type="stmt" count="5"/>
      <line num="177" type="stmt" count="4"/>
      <line num="180" type="stmt" count="3"/>
      <line num="183" type="stmt" count="1"/>
      <line num="186" type="stmt" count="1"/>
      <line num="189" type="stmt" count="1"/>
      <line num="194" type="stmt" count="1"/>
      <line num="197" type="stmt" count="1"/>
      <line num="198" type="stmt" count="1"/>
      <line num="199" type="stmt" count="1"/>
      <line num="200" type="stmt" count="1"/>
      <line num="203" type="stmt" count="1"/>
      <line num="206" type="stmt" count="1"/>
      <line num="209" type="stmt" count="1"/>
      <line num="224" type="method" name="editEmail" visibility="public" complexity="1" crap="1" count="5"/>
      <line num="227" type="stmt" count="5"/>
      <line num="230" type="stmt" count="4"/>
      <line num="233" type="stmt" count="2"/>
      <line num="236" type="stmt" count="2"/>
      <line num="237" type="stmt" count="2"/>
      <line num="238" type="stmt" count="2"/>
      <line num="239" type="stmt" count="2"/>
      <line num="241" type="stmt" count="2"/>
      <line num="245" type="stmt" count="1"/>
      <line num="248" type="stmt" count="1"/>
      <line num="263" type="method" name="deleteEmail" visibility="public" complexity="1" crap="1" count="4"/>
      <line num="266" type="stmt" count="4"/>
      <line num="269" type="stmt" count="3"/>
      <line num="272" type="stmt" count="1"/>
      <line num="275" type="stmt" count="1"/>
      <line num="277" type="stmt" count="1"/>
      <line num="281" type="stmt" count="1"/>
      <line num="297" type="method" name="sendEmails" visibility="public" complexity="5" crap="5" count="6"/>
      <line num="300" type="stmt" count="6"/>
      <line num="303" type="stmt" count="5"/>
      <line num="306" type="stmt" count="3"/>
      <line num="309" type="stmt" count="3"/>
      <line num="312" type="stmt" count="3"/>
      <line num="315" type="stmt" count="3"/>
      <line num="318" type="stmt" count="3"/>
      <line num="321" type="stmt" count="3"/>
      <line num="324" type="stmt" count="3"/>
      <line num="325" type="stmt" count="3"/>
      <line num="326" type="stmt" count="3"/>
      <line num="327" type="stmt" count="3"/>
      <line num="328" type="stmt" count="3"/>
      <line num="329" type="stmt" count="3"/>
      <line num="330" type="stmt" count="3"/>
      <line num="333" type="stmt" count="3"/>
      <line num="334" type="stmt" count="3"/>
      <line num="335" type="stmt" count="3"/>
      <line num="336" type="stmt" count="3"/>
      <line num="339" type="stmt" count="3"/>
      <line num="340" type="stmt" count="3"/>
      <line num="343" type="stmt" count="3"/>
      <line num="344" type="stmt" count="3"/>
      <line num="347" type="stmt" count="3"/>
      <line num="352" type="stmt" count="3"/>
      <line num="357" type="stmt" count="3"/>
      <line num="359" type="stmt" count="2"/>
      <line num="362" type="stmt" count="2"/>
      <line num="363" type="stmt" count="2"/>
      <line num="366" type="stmt" count="2"/>
      <line num="368" type="stmt" count="2"/>
      <line num="373" type="stmt" count="3"/>
      <line num="374" type="stmt" count="1"/>
      <line num="375" type="stmt" count="2"/>
      <line num="376" type="stmt" count="1"/>
      <line num="378" type="stmt" count="1"/>
      <metrics loc="380" ncloc="245" classes="1" methods="7" coveredmethods="7" conditionals="0" coveredconditionals="0" statements="98" coveredstatements="98" elements="105" coveredelements="105"/>
    </file>
    <file name="/home/web/epsi/mspr/api/src/Controllers/LogController.php">
      <class name="Controllers\LogController" namespace="global">
        <metrics complexity="4" methods="1" coveredmethods="1" conditionals="0" coveredconditionals="0" statements="17" coveredstatements="17" elements="18" coveredelements="18"/>
      </class>
      <line num="30" type="method" name="getLogs" visibility="public" complexity="4" crap="4" count="3"/>
      <line num="33" type="stmt" count="3"/>
      <line num="36" type="stmt" count="2"/>
      <line num="39" type="stmt" count="2"/>
      <line num="40" type="stmt" count="2"/>
      <line num="41" type="stmt" count="2"/>
      <line num="42" type="stmt" count="2"/>
      <line num="43" type="stmt" count="2"/>
      <line num="44" type="stmt" count="2"/>
      <line num="45" type="stmt" count="2"/>
      <line num="46" type="stmt" count="2"/>
      <line num="48" type="stmt" count="2"/>
      <line num="49" type="stmt" count="1"/>
      <line num="53" type="stmt" count="2"/>
      <line num="54" type="stmt" count="2"/>
      <line num="55" type="stmt" count="2"/>
      <line num="58" type="stmt" count="2"/>
      <line num="72" type="stmt" count="2"/>
      <metrics loc="74" ncloc="55" classes="1" methods="1" coveredmethods="1" conditionals="0" coveredconditionals="0" statements="17" coveredstatements="17" elements="18" coveredelements="18"/>
    </file>
    <file name="/home/web/epsi/mspr/api/src/Controllers/SessionController.php">
      <class name="Controllers\SessionController" namespace="global">
        <metrics complexity="23" methods="7" coveredmethods="7" conditionals="0" coveredconditionals="0" statements="124" coveredstatements="124" elements="131" coveredelements="131"/>
      </class>
      <line num="31" type="method" name="login" visibility="public" complexity="7" crap="7" count="5"/>
      <line num="33" type="stmt" count="5"/>
      <line num="36" type="stmt" count="4"/>
      <line num="37" type="stmt" count="3"/>
      <line num="38" type="stmt" count="4"/>
      <line num="41" type="stmt" count="3"/>
      <line num="42" type="stmt" count="3"/>
      <line num="45" type="stmt" count="3"/>
      <line num="47" type="stmt" count="3"/>
      <line num="48" type="stmt" count="3"/>
      <line num="52" type="stmt" count="3"/>
      <line num="53" type="stmt" count="1"/>
      <line num="57" type="stmt" count="2"/>
      <line num="60" type="stmt" count="2"/>
      <line num="63" type="stmt" count="2"/>
      <line num="68" type="stmt" count="2"/>
      <line num="69" type="stmt" count="2"/>
      <line num="70" type="stmt" count="2"/>
      <line num="71" type="stmt" count="2"/>
      <line num="75" type="stmt" count="3"/>
      <line num="76" type="stmt" count="3"/>
      <line num="78" type="stmt" count="3"/>
      <line num="79" type="stmt" count="3"/>
      <line num="82" type="stmt" count="3"/>
      <line num="83" type="stmt" count="3"/>
      <line num="85" type="stmt" count="3"/>
      <line num="88" type="stmt" count="3"/>
      <line num="89" type="stmt" count="1"/>
      <line num="90" type="stmt" count="1"/>
      <line num="91" type="stmt" count="1"/>
      <line num="95" type="stmt" count="2"/>
      <line num="96" type="stmt" count="2"/>
      <line num="98" type="stmt" count="2"/>
      <line num="112" type="method" name="introspect" visibility="public" complexity="4" crap="4" count="4"/>
      <line num="114" type="stmt" count="4"/>
      <line num="116" type="stmt" count="2"/>
      <line num="118" type="stmt" count="2"/>
      <line num="120" type="stmt" count="2"/>
      <line num="121" type="stmt" count="2"/>
      <line num="122" type="stmt" count="2"/>
      <line num="126" type="stmt" count="2"/>
      <line num="128" type="stmt" count="1"/>
      <line num="130" type="stmt" count="1"/>
      <line num="132" type="stmt" count="1"/>
      <line num="133" type="stmt" count="1"/>
      <line num="134" type="stmt" count="1"/>
      <line num="139" type="stmt" count="1"/>
      <line num="143" type="stmt" count="3"/>
      <line num="144" type="stmt" count="3"/>
      <line num="145" type="stmt" count="2"/>
      <line num="147" type="stmt" count="1"/>
      <line num="151" type="stmt" count="3"/>
      <line num="152" type="stmt" count="3"/>
      <line num="154" type="stmt" count="3"/>
      <line num="155" type="stmt" count="3"/>
      <line num="159" type="stmt" count="3"/>
      <line num="173" type="method" name="revoke" visibility="public" complexity="6" crap="6" count="5"/>
      <line num="175" type="stmt" count="5"/>
      <line num="177" type="stmt" count="5"/>
      <line num="179" type="stmt" count="2"/>
      <line num="181" type="stmt" count="2"/>
      <line num="183" type="stmt" count="2"/>
      <line num="184" type="stmt" count="2"/>
      <line num="185" type="stmt" count="2"/>
      <line num="190" type="stmt" count="2"/>
      <line num="191" type="stmt" count="3"/>
      <line num="193" type="stmt" count="2"/>
      <line num="195" type="stmt" count="2"/>
      <line num="197" type="stmt" count="2"/>
      <line num="198" type="stmt" count="2"/>
      <line num="199" type="stmt" count="2"/>
      <line num="204" type="stmt" count="1"/>
      <line num="208" type="stmt" count="4"/>
      <line num="210" type="stmt" count="4"/>
      <line num="211" type="stmt" count="2"/>
      <line num="213" type="stmt" count="1"/>
      <line num="215" type="stmt" count="1"/>
      <line num="217" type="stmt" count="1"/>
      <line num="218" type="stmt" count="1"/>
      <line num="219" type="stmt" count="1"/>
      <line num="224" type="stmt" count="1"/>
      <line num="226" type="stmt" count="1"/>
      <line num="228" type="stmt" count="1"/>
      <line num="229" type="stmt" count="1"/>
      <line num="230" type="stmt" count="1"/>
      <line num="236" type="stmt" count="2"/>
      <line num="238" type="stmt" count="2"/>
      <line num="240" type="stmt" count="1"/>
      <line num="243" type="stmt" count="1"/>
      <line num="259" type="method" name="userInfo" visibility="public" complexity="1" crap="1" count="1"/>
      <line num="262" type="stmt" count="1"/>
      <line num="263" type="stmt" count="1"/>
      <line num="264" type="stmt" count="1"/>
      <line num="267" type="stmt" count="1"/>
      <line num="271" type="stmt" count="1"/>
      <line num="276" type="stmt" count="1"/>
      <line num="290" type="method" name="editUserInfo" visibility="public" complexity="1" crap="1" count="1"/>
      <line num="293" type="stmt" count="1"/>
      <line num="294" type="stmt" count="1"/>
      <line num="295" type="stmt" count="1"/>
      <line num="296" type="stmt" count="1"/>
      <line num="300" type="stmt" count="1"/>
      <line num="303" type="stmt" count="1"/>
      <line num="307" type="stmt" count="1"/>
      <line num="321" type="method" name="editPassword" visibility="public" complexity="3" crap="3" count="3"/>
      <line num="324" type="stmt" count="3"/>
      <line num="325" type="stmt" count="3"/>
      <line num="326" type="stmt" count="3"/>
      <line num="329" type="stmt" count="3"/>
      <line num="330" type="stmt" count="1"/>
      <line num="334" type="stmt" count="2"/>
      <line num="336" type="stmt" count="2"/>
      <line num="337" type="stmt" count="2"/>
      <line num="339" type="stmt" count="2"/>
      <line num="341" type="stmt" count="2"/>
      <line num="342" type="stmt" count="1"/>
      <line num="346" type="stmt" count="1"/>
      <line num="348" type="stmt" count="1"/>
      <line num="349" type="stmt" count="1"/>
      <line num="353" type="stmt" count="1"/>
      <line num="355" type="stmt" count="1"/>
      <line num="357" type="stmt" count="1"/>
      <line num="359" type="stmt" count="1"/>
      <line num="362" type="stmt" count="1"/>
      <line num="376" type="method" name="logout" visibility="public" complexity="1" crap="1" count="1"/>
      <line num="379" type="stmt" count="1"/>
      <line num="381" type="stmt" count="1"/>
      <line num="383" type="stmt" count="1"/>
      <line num="384" type="stmt" count="1"/>
      <line num="385" type="stmt" count="1"/>
      <line num="388" type="stmt" count="1"/>
      <metrics loc="390" ncloc="279" classes="1" methods="7" coveredmethods="7" conditionals="0" coveredconditionals="0" statements="124" coveredstatements="124" elements="131" coveredelements="131"/>
    </file>
    <file name="/home/web/epsi/mspr/api/src/Controllers/StatisticController.php">
      <class name="Controllers\StatisticController" namespace="global">
        <metrics complexity="20" methods="6" coveredmethods="6" conditionals="0" coveredconditionals="0" statements="91" coveredstatements="91" elements="97" coveredelements="97"/>
      </class>
      <line num="30" type="method" name="getGlobalStats" visibility="public" complexity="1" crap="1" count="2"/>
      <line num="33" type="stmt" count="2"/>
      <line num="36" type="stmt" count="1"/>
      <line num="38" type="stmt" count="1"/>
      <line num="40" type="stmt" count="1"/>
      <line num="43" type="stmt" count="1"/>
      <line num="45" type="stmt" count="1"/>
      <line num="47" type="stmt" count="1"/>
      <line num="50" type="stmt" count="1"/>
      <line num="52" type="stmt" count="1"/>
      <line num="53" type="stmt" count="1"/>
      <line num="55" type="stmt" count="1"/>
      <line num="58" type="stmt" count="1"/>
      <line num="60" type="stmt" count="1"/>
      <line num="61" type="stmt" count="1"/>
      <line num="63" type="stmt" count="1"/>
      <line num="66" type="stmt" count="1"/>
      <line num="67" type="stmt" count="1"/>
      <line num="68" type="stmt" count="1"/>
      <line num="71" type="stmt" count="1"/>
      <line num="72" type="stmt" count="1"/>
      <line num="75" type="stmt" count="1"/>
      <line num="76" type="stmt" count="1"/>
      <line num="80" type="stmt" count="1"/>
      <line num="95" type="method" name="getAvgUsageMonth" visibility="public" complexity="5" crap="5" count="2"/>
      <line num="98" type="stmt" count="2"/>
      <line num="101" type="stmt" count="1"/>
      <line num="104" type="stmt" count="1"/>
      <line num="105" type="stmt" count="1"/>
      <line num="106" type="stmt" count="1"/>
      <line num="107" type="stmt" count="1"/>
      <line num="109" type="stmt" count="1"/>
      <line num="110" type="stmt" count="1"/>
      <line num="111" type="stmt" count="1"/>
      <line num="115" type="stmt" count="1"/>
      <line num="116" type="stmt" count="1"/>
      <line num="120" type="stmt" count="1"/>
      <line num="121" type="stmt" count="1"/>
      <line num="124" type="stmt" count="1"/>
      <line num="125" type="stmt" count="1"/>
      <line num="126" type="stmt" count="1"/>
      <line num="127" type="stmt" count="1"/>
      <line num="131" type="stmt" count="1"/>
      <line num="132" type="stmt" count="1"/>
      <line num="147" type="method" name="getAvgUsageDay" visibility="public" complexity="5" crap="5" count="2"/>
      <line num="150" type="stmt" count="2"/>
      <line num="153" type="stmt" count="1"/>
      <line num="156" type="stmt" count="1"/>
      <line num="157" type="stmt" count="1"/>
      <line num="158" type="stmt" count="1"/>
      <line num="159" type="stmt" count="1"/>
      <line num="161" type="stmt" count="1"/>
      <line num="162" type="stmt" count="1"/>
      <line num="163" type="stmt" count="1"/>
      <line num="167" type="stmt" count="1"/>
      <line num="171" type="stmt" count="1"/>
      <line num="172" type="stmt" count="1"/>
      <line num="175" type="stmt" count="1"/>
      <line num="187" type="stmt" count="1"/>
      <line num="188" type="stmt" count="1"/>
      <line num="192" type="stmt" count="1"/>
      <line num="193" type="stmt" count="1"/>
      <line num="195" type="stmt" count="1"/>
      <line num="210" type="method" name="getAvgUsageHour" visibility="public" complexity="5" crap="5" count="2"/>
      <line num="213" type="stmt" count="2"/>
      <line num="216" type="stmt" count="1"/>
      <line num="219" type="stmt" count="1"/>
      <line num="220" type="stmt" count="1"/>
      <line num="221" type="stmt" count="1"/>
      <line num="222" type="stmt" count="1"/>
      <line num="223" type="stmt" count="1"/>
      <line num="225" type="stmt" count="1"/>
      <line num="226" type="stmt" count="1"/>
      <line num="227" type="stmt" count="1"/>
      <line num="231" type="stmt" count="1"/>
      <line num="235" type="stmt" count="1"/>
      <line num="236" type="stmt" count="1"/>
      <line num="239" type="stmt" count="1"/>
      <line num="240" type="stmt" count="1"/>
      <line num="241" type="stmt" count="1"/>
      <line num="242" type="stmt" count="1"/>
      <line num="246" type="stmt" count="1"/>
      <line num="247" type="stmt" count="1"/>
      <line num="259" type="method" name="fetchUsages" visibility="private" complexity="1" crap="1" count="3"/>
      <line num="262" type="stmt" count="3"/>
      <line num="263" type="stmt" count="3"/>
      <line num="264" type="stmt" count="3"/>
      <line num="267" type="stmt" count="3"/>
      <line num="269" type="stmt" count="3"/>
      <line num="271" type="stmt" count="3"/>
      <line num="288" type="method" name="average" visibility="private" complexity="3" crap="3" count="3"/>
      <line num="290" type="stmt" count="3"/>
      <line num="291" type="stmt" count="3"/>
      <line num="292" type="stmt" count="3"/>
      <line num="295" type="stmt" count="3"/>
      <line num="296" type="stmt" count="3"/>
      <line num="298" type="stmt" count="3"/>
      <metrics loc="301" ncloc="205" classes="1" methods="6" coveredmethods="6" conditionals="0" coveredconditionals="0" statements="91" coveredstatements="91" elements="97" coveredelements="97"/>
    </file>
    <file name="/home/web/epsi/mspr/api/src/Controllers/UserController.php">
      <class name="Controllers\UserController" namespace="global">
        <metrics complexity="18" methods="6" coveredmethods="6" conditionals="0" coveredconditionals="0" statements="79" coveredstatements="79" elements="85" coveredelements="85"/>
      </class>
      <line num="39" type="method" name="getUsers" visibility="public" complexity="7" crap="7" count="2"/>
      <line num="42" type="stmt" count="2"/>
      <line num="45" type="stmt" count="1"/>
      <line num="48" type="stmt" count="1"/>
      <line num="49" type="stmt" count="1"/>
      <line num="50" type="stmt" count="1"/>
      <line num="51" type="stmt" count="1"/>
      <line num="52" type="stmt" count="1"/>
      <line num="53" type="stmt" count="1"/>
      <line num="55" type="stmt" count="1"/>
      <line num="56" type="stmt" count="1"/>
      <line num="60" type="stmt" count="1"/>
      <line num="61" type="stmt" count="1"/>
      <line num="62" type="stmt" count="1"/>
      <line num="65" type="stmt" count="1"/>
      <line num="78" type="stmt" count="1"/>
      <line num="93" type="method" name="getUser" visibility="public" complexity="1" crap="1" count="4"/>
      <line num="96" type="stmt" count="4"/>
      <line num="99" type="stmt" count="3"/>
      <line num="102" type="stmt" count="1"/>
      <line num="103" type="stmt" count="1"/>
      <line num="104" type="stmt" count="1"/>
      <line num="107" type="stmt" count="1"/>
      <line num="115" type="stmt" count="1"/>
      <line num="120" type="stmt" count="1"/>
      <line num="135" type="method" name="addUser" visibility="public" complexity="4" crap="4" count="5"/>
      <line num="138" type="stmt" count="5"/>
      <line num="141" type="stmt" count="4"/>
      <line num="142" type="stmt" count="3"/>
      <line num="143" type="stmt" count="2"/>
      <line num="146" type="stmt" count="2"/>
      <line num="148" type="stmt" count="1"/>
      <line num="151" type="stmt" count="1"/>
      <line num="155" type="stmt" count="1"/>
      <line num="161" type="stmt" count="1"/>
      <line num="164" type="stmt" count="1"/>
      <line num="165" type="stmt" count="1"/>
      <line num="166" type="stmt" count="1"/>
      <line num="167" type="stmt" count="1"/>
      <line num="168" type="stmt" count="1"/>
      <line num="170" type="stmt" count="1"/>
      <line num="174" type="stmt" count="1"/>
      <line num="177" type="stmt" count="1"/>
      <line num="181" type="stmt" count="1"/>
      <line num="184" type="stmt" count="1"/>
      <line num="185" type="stmt" count="1"/>
      <line num="186" type="stmt" count="1"/>
      <line num="187" type="stmt" count="1"/>
      <line num="190" type="stmt" count="1"/>
      <line num="193" type="stmt" count="1"/>
      <line num="196" type="stmt" count="1"/>
      <line num="211" type="method" name="editUser" visibility="public" complexity="1" crap="1" count="5"/>
      <line num="214" type="stmt" count="5"/>
      <line num="217" type="stmt" count="4"/>
      <line num="220" type="stmt" count="2"/>
      <line num="223" type="stmt" count="2"/>
      <line num="224" type="stmt" count="2"/>
      <line num="225" type="stmt" count="2"/>
      <line num="226" type="stmt" count="2"/>
      <line num="228" type="stmt" count="2"/>
      <line num="232" type="stmt" count="1"/>
      <line num="235" type="stmt" count="1"/>
      <line num="250" type="method" name="deleteUser" visibility="public" complexity="1" crap="1" count="4"/>
      <line num="253" type="stmt" count="4"/>
      <line num="256" type="stmt" count="3"/>
      <line num="259" type="stmt" count="1"/>
      <line num="262" type="stmt" count="1"/>
      <line num="264" type="stmt" count="1"/>
      <line num="268" type="stmt" count="1"/>
      <line num="283" type="method" name="deleteUsers" visibility="public" complexity="4" crap="4" count="4"/>
      <line num="286" type="stmt" count="4"/>
      <line num="289" type="stmt" count="3"/>
      <line num="292" type="stmt" count="2"/>
      <line num="293" type="stmt" count="2"/>
      <line num="294" type="stmt" count="2"/>
      <line num="297" type="stmt" count="2"/>
      <line num="299" type="stmt" count="2"/>
      <line num="304" type="stmt" count="2"/>
      <line num="306" type="stmt" count="1"/>
      <line num="309" type="stmt" count="1"/>
      <line num="311" type="stmt" count="1"/>
      <line num="314" type="stmt" count="1"/>
      <line num="319" type="stmt" count="2"/>
      <line num="320" type="stmt" count="1"/>
      <line num="322" type="stmt" count="1"/>
      <metrics loc="324" ncloc="211" classes="1" methods="6" coveredmethods="6" conditionals="0" coveredconditionals="0" statements="79" coveredstatements="79" elements="85" coveredelements="85"/>
    </file>
    <file name="/home/web/epsi/mspr/api/src/Enums/Action.php">
      <metrics loc="16" ncloc="13" classes="0" methods="0" coveredmethods="0" conditionals="0" coveredconditionals="0" statements="0" coveredstatements="0" elements="0" coveredelements="0"/>
    </file>
    <file name="/home/web/epsi/mspr/api/src/Enums/Type.php">
      <metrics loc="15" ncloc="12" classes="0" methods="0" coveredmethods="0" conditionals="0" coveredconditionals="0" statements="0" coveredstatements="0" elements="0" coveredelements="0"/>
    </file>
    <metrics files="13" loc="2226" ncloc="1454" classes="11" methods="52" coveredmethods="52" conditionals="0" coveredconditionals="0" statements="550" coveredstatements="550" elements="602" coveredelements="602"/>
  </project>
</coverage>
