<?xml version="1.0" encoding="UTF-8"?>
<coverage generated="1649882113">
  <project timestamp="1649882113">
    <file name="/home/web/epsi/mspr/api/src/Code.php">
      <class name="Code" namespace="global">
        <metrics complexity="2" methods="1" coveredmethods="1" conditionals="0" coveredconditionals="0" statements="7" coveredstatements="7" elements="8" coveredelements="8"/>
      </class>
      <line num="20" type="method" name="response" visibility="protected" complexity="2" crap="2" count="28"/>
      <line num="22" type="stmt" count="28"/>
      <line num="24" type="stmt" count="28"/>
      <line num="29" type="stmt" count="28"/>
      <line num="30" type="stmt" count="19"/>
      <line num="31" type="stmt" count="19"/>
      <line num="32" type="stmt" count="19"/>
      <line num="34" type="stmt" count="9"/>
      <metrics loc="37" ncloc="25" classes="1" methods="1" coveredmethods="1" conditionals="0" coveredconditionals="0" statements="7" coveredstatements="7" elements="8" coveredelements="8"/>
    </file>
    <file name="/home/web/epsi/mspr/api/src/Codes/ErrorCode.php">
      <class name="Codes\ErrorCode" namespace="global">
        <metrics complexity="7" methods="7" coveredmethods="7" conditionals="0" coveredconditionals="0" statements="7" coveredstatements="7" elements="14" coveredelements="14"/>
      </class>
      <line num="23" type="method" name="customError" visibility="public" complexity="1" crap="1" count="2"/>
      <line num="25" type="stmt" count="2"/>
      <line num="36" type="method" name="badRequest" visibility="public" complexity="1" crap="1" count="4"/>
      <line num="38" type="stmt" count="4"/>
      <line num="49" type="method" name="unauthorized" visibility="public" complexity="1" crap="1" count="2"/>
      <line num="51" type="stmt" count="2"/>
      <line num="62" type="method" name="forbidden" visibility="public" complexity="1" crap="1" count="2"/>
      <line num="64" type="stmt" count="2"/>
      <line num="75" type="method" name="notFound" visibility="public" complexity="1" crap="1" count="2"/>
      <line num="77" type="stmt" count="2"/>
      <line num="88" type="method" name="methodNotAllowed" visibility="public" complexity="1" crap="1" count="2"/>
      <line num="90" type="stmt" count="2"/>
      <line num="101" type="method" name="conflict" visibility="public" complexity="1" crap="1" count="5"/>
      <line num="103" type="stmt" count="5"/>
      <metrics loc="105" ncloc="45" classes="1" methods="7" coveredmethods="7" conditionals="0" coveredconditionals="0" statements="7" coveredstatements="7" elements="14" coveredelements="14"/>
    </file>
    <file name="/home/web/epsi/mspr/api/src/Codes/SuccessCode.php">
      <class name="Codes\SuccessCode" namespace="global">
        <metrics complexity="2" methods="2" coveredmethods="2" conditionals="0" coveredconditionals="0" statements="2" coveredstatements="2" elements="4" coveredelements="4"/>
      </class>
      <line num="22" type="method" name="success" visibility="public" complexity="1" crap="1" count="7"/>
      <line num="24" type="stmt" count="7"/>
      <line num="35" type="method" name="created" visibility="public" complexity="1" crap="1" count="2"/>
      <line num="37" type="stmt" count="2"/>
      <metrics loc="39" ncloc="20" classes="1" methods="2" coveredmethods="2" conditionals="0" coveredconditionals="0" statements="2" coveredstatements="2" elements="4" coveredelements="4"/>
    </file>
    <file name="/home/web/epsi/mspr/api/src/Controller.php">
      <class name="Controller" namespace="global">
        <metrics complexity="13" methods="7" coveredmethods="4" conditionals="0" coveredconditionals="0" statements="24" coveredstatements="9" elements="31" coveredelements="13"/>
      </class>
      <line num="36" type="method" name="__construct" visibility="public" complexity="1" crap="2" count="0"/>
      <line num="38" type="stmt" count="0"/>
      <line num="39" type="stmt" count="0"/>
      <line num="40" type="stmt" count="0"/>
      <line num="41" type="stmt" count="0"/>
      <line num="49" type="method" name="successCode" visibility="protected" complexity="1" crap="1" count="5"/>
      <line num="51" type="stmt" count="5"/>
      <line num="59" type="method" name="errorCode" visibility="protected" complexity="1" crap="1" count="5"/>
      <line num="61" type="stmt" count="5"/>
      <line num="69" type="method" name="database" visibility="public" complexity="1" crap="1" count="11"/>
      <line num="71" type="stmt" count="11"/>
      <line num="79" type="method" name="getDate" visibility="protected" complexity="1" crap="1" count="9"/>
      <line num="81" type="stmt" count="9"/>
      <line num="92" type="method" name="checkScope" visibility="protected" complexity="4" crap="20" count="0"/>
      <line num="95" type="stmt" count="0"/>
      <line num="96" type="stmt" count="0"/>
      <line num="97" type="stmt" count="0"/>
      <line num="98" type="stmt" count="0"/>
      <line num="103" type="stmt" count="0"/>
      <line num="104" type="stmt" count="0"/>
      <line num="106" type="stmt" count="0"/>
      <line num="122" type="method" name="checkExist" visibility="protected" complexity="4" crap="5.40" count="3"/>
      <line num="125" type="stmt" count="3"/>
      <line num="126" type="stmt" count="2"/>
      <line num="127" type="stmt" count="2"/>
      <line num="131" type="stmt" count="0"/>
      <line num="134" type="stmt" count="0"/>
      <line num="136" type="stmt" count="0"/>
      <line num="145" type="stmt" count="1"/>
      <line num="146" type="stmt" count="1"/>
      <line num="148" type="stmt" count="0"/>
      <metrics loc="150" ncloc="85" classes="1" methods="7" coveredmethods="4" conditionals="0" coveredconditionals="0" statements="24" coveredstatements="9" elements="31" coveredelements="13"/>
    </file>
    <file name="/home/web/epsi/mspr/api/src/Controllers/BaseController.php">
      <class name="Controllers\BaseController" namespace="global">
        <metrics complexity="1" methods="1" coveredmethods="1" conditionals="0" coveredconditionals="0" statements="3" coveredstatements="3" elements="4" coveredelements="4"/>
      </class>
      <line num="23" type="method" name="basePath" visibility="public" complexity="1" crap="1" count="1"/>
      <line num="26" type="stmt" count="1"/>
      <line num="27" type="stmt" count="1"/>
      <line num="34" type="stmt" count="1"/>
      <metrics loc="36" ncloc="24" classes="1" methods="1" coveredmethods="1" conditionals="0" coveredconditionals="0" statements="3" coveredstatements="3" elements="4" coveredelements="4"/>
    </file>
    <file name="/home/web/epsi/mspr/api/src/Controllers/SessionController.php">
      <class name="Controllers\SessionController" namespace="global">
        <metrics complexity="26" methods="8" coveredmethods="6" conditionals="0" coveredconditionals="0" statements="113" coveredstatements="82" elements="121" coveredelements="88"/>
      </class>
      <line num="31" type="method" name="login" visibility="public" complexity="6" crap="37.31" count="1"/>
      <line num="33" type="stmt" count="1"/>
      <line num="36" type="stmt" count="0"/>
      <line num="37" type="stmt" count="0"/>
      <line num="38" type="stmt" count="0"/>
      <line num="41" type="stmt" count="0"/>
      <line num="42" type="stmt" count="0"/>
      <line num="45" type="stmt" count="0"/>
      <line num="48" type="stmt" count="0"/>
      <line num="51" type="stmt" count="0"/>
      <line num="56" type="stmt" count="0"/>
      <line num="57" type="stmt" count="0"/>
      <line num="58" type="stmt" count="0"/>
      <line num="59" type="stmt" count="0"/>
      <line num="63" type="stmt" count="0"/>
      <line num="64" type="stmt" count="0"/>
      <line num="67" type="stmt" count="0"/>
      <line num="68" type="stmt" count="0"/>
      <line num="69" type="stmt" count="0"/>
      <line num="70" type="stmt" count="0"/>
      <line num="74" type="stmt" count="0"/>
      <line num="75" type="stmt" count="0"/>
      <line num="77" type="stmt" count="0"/>
      <line num="91" type="method" name="introspect" visibility="public" complexity="4" crap="4" count="4"/>
      <line num="93" type="stmt" count="4"/>
      <line num="95" type="stmt" count="2"/>
      <line num="97" type="stmt" count="2"/>
      <line num="99" type="stmt" count="2"/>
      <line num="100" type="stmt" count="2"/>
      <line num="101" type="stmt" count="2"/>
      <line num="105" type="stmt" count="2"/>
      <line num="107" type="stmt" count="1"/>
      <line num="109" type="stmt" count="1"/>
      <line num="111" type="stmt" count="1"/>
      <line num="112" type="stmt" count="1"/>
      <line num="113" type="stmt" count="1"/>
      <line num="118" type="stmt" count="1"/>
      <line num="122" type="stmt" count="3"/>
      <line num="123" type="stmt" count="3"/>
      <line num="124" type="stmt" count="2"/>
      <line num="126" type="stmt" count="1"/>
      <line num="130" type="stmt" count="3"/>
      <line num="131" type="stmt" count="3"/>
      <line num="133" type="stmt" count="3"/>
      <line num="134" type="stmt" count="3"/>
      <line num="138" type="stmt" count="3"/>
      <line num="152" type="method" name="revoke" visibility="public" complexity="6" crap="6" count="5"/>
      <line num="154" type="stmt" count="5"/>
      <line num="156" type="stmt" count="5"/>
      <line num="158" type="stmt" count="2"/>
      <line num="160" type="stmt" count="2"/>
      <line num="162" type="stmt" count="2"/>
      <line num="163" type="stmt" count="2"/>
      <line num="164" type="stmt" count="2"/>
      <line num="169" type="stmt" count="2"/>
      <line num="170" type="stmt" count="3"/>
      <line num="172" type="stmt" count="2"/>
      <line num="174" type="stmt" count="2"/>
      <line num="176" type="stmt" count="2"/>
      <line num="177" type="stmt" count="2"/>
      <line num="178" type="stmt" count="2"/>
      <line num="183" type="stmt" count="1"/>
      <line num="187" type="stmt" count="4"/>
      <line num="189" type="stmt" count="4"/>
      <line num="190" type="stmt" count="2"/>
      <line num="192" type="stmt" count="1"/>
      <line num="194" type="stmt" count="1"/>
      <line num="196" type="stmt" count="1"/>
      <line num="197" type="stmt" count="1"/>
      <line num="198" type="stmt" count="1"/>
      <line num="203" type="stmt" count="1"/>
      <line num="205" type="stmt" count="1"/>
      <line num="207" type="stmt" count="1"/>
      <line num="208" type="stmt" count="1"/>
      <line num="209" type="stmt" count="1"/>
      <line num="215" type="stmt" count="2"/>
      <line num="217" type="stmt" count="2"/>
      <line num="219" type="stmt" count="1"/>
      <line num="222" type="stmt" count="1"/>
      <line num="238" type="method" name="userInfo" visibility="public" complexity="1" crap="1" count="1"/>
      <line num="241" type="stmt" count="1"/>
      <line num="242" type="stmt" count="1"/>
      <line num="243" type="stmt" count="1"/>
      <line num="246" type="stmt" count="1"/>
      <line num="250" type="stmt" count="1"/>
      <line num="255" type="stmt" count="1"/>
      <line num="269" type="method" name="editUserInfo" visibility="public" complexity="1" crap="1" count="1"/>
      <line num="272" type="stmt" count="1"/>
      <line num="273" type="stmt" count="1"/>
      <line num="274" type="stmt" count="1"/>
      <line num="275" type="stmt" count="1"/>
      <line num="279" type="stmt" count="1"/>
      <line num="282" type="stmt" count="1"/>
      <line num="286" type="stmt" count="1"/>
      <line num="300" type="method" name="editPassword" visibility="public" complexity="2" crap="2" count="2"/>
      <line num="303" type="stmt" count="2"/>
      <line num="304" type="stmt" count="2"/>
      <line num="307" type="stmt" count="2"/>
      <line num="308" type="stmt" count="1"/>
      <line num="312" type="stmt" count="1"/>
      <line num="314" type="stmt" count="1"/>
      <line num="315" type="stmt" count="1"/>
      <line num="319" type="stmt" count="1"/>
      <line num="333" type="method" name="logout" visibility="public" complexity="1" crap="1" count="2"/>
      <line num="336" type="stmt" count="2"/>
      <line num="338" type="stmt" count="2"/>
      <line num="340" type="stmt" count="2"/>
      <line num="341" type="stmt" count="2"/>
      <line num="342" type="stmt" count="2"/>
      <line num="345" type="stmt" count="2"/>
      <line num="355" type="method" name="createFromGlobals" visibility="private" complexity="5" crap="30" count="0"/>
      <line num="357" type="stmt" count="0"/>
      <line num="359" type="stmt" count="0"/>
      <line num="360" type="stmt" count="0"/>
      <line num="361" type="stmt" count="0"/>
      <line num="362" type="stmt" count="0"/>
      <line num="363" type="stmt" count="0"/>
      <line num="364" type="stmt" count="0"/>
      <line num="365" type="stmt" count="0"/>
      <line num="366" type="stmt" count="0"/>
      <line num="369" type="stmt" count="0"/>
      <metrics loc="371" ncloc="255" classes="1" methods="8" coveredmethods="6" conditionals="0" coveredconditionals="0" statements="113" coveredstatements="82" elements="121" coveredelements="88"/>
    </file>
    <metrics files="6" loc="738" ncloc="454" classes="6" methods="26" coveredmethods="21" conditionals="0" coveredconditionals="0" statements="156" coveredstatements="110" elements="182" coveredelements="131"/>
  </project>
</coverage>
